  main.cpp
c:\users\usuari\downloads\tecnologuies-18-19-master\src\project2\main.cpp(149): warning C4244: '=': conversion from 'clock_t' to 'float', possible loss of data
c:\users\usuari\downloads\tecnologuies-18-19-master\src\project2\main.cpp(24): warning C4297: 'SDL_main': function assumed not to throw an exception but does
  c:\users\usuari\downloads\tecnologuies-18-19-master\src\project2\main.cpp(24): note: __declspec(nothrow), throw(), noexcept(true), or noexcept was specified on the function
c:\users\usuari\downloads\tecnologuies-18-19-master\src\project2\main.cpp(29): warning C4297: 'SDL_main': function assumed not to throw an exception but does
  c:\users\usuari\downloads\tecnologuies-18-19-master\src\project2\main.cpp(29): note: __declspec(nothrow), throw(), noexcept(true), or noexcept was specified on the function
c:\users\usuari\downloads\tecnologuies-18-19-master\src\project2\main.cpp(34): warning C4297: 'SDL_main': function assumed not to throw an exception but does
  c:\users\usuari\downloads\tecnologuies-18-19-master\src\project2\main.cpp(34): note: __declspec(nothrow), throw(), noexcept(true), or noexcept was specified on the function
c:\users\usuari\downloads\tecnologuies-18-19-master\src\project2\main.cpp(38): warning C4297: 'SDL_main': function assumed not to throw an exception but does
  c:\users\usuari\downloads\tecnologuies-18-19-master\src\project2\main.cpp(38): note: __declspec(nothrow), throw(), noexcept(true), or noexcept was specified on the function
c:\users\usuari\downloads\tecnologuies-18-19-master\src\project2\main.cpp(41): warning C4297: 'SDL_main': function assumed not to throw an exception but does
  c:\users\usuari\downloads\tecnologuies-18-19-master\src\project2\main.cpp(41): note: __declspec(nothrow), throw(), noexcept(true), or noexcept was specified on the function
c:\users\usuari\downloads\tecnologuies-18-19-master\src\project2\main.cpp(46): warning C4297: 'SDL_main': function assumed not to throw an exception but does
  c:\users\usuari\downloads\tecnologuies-18-19-master\src\project2\main.cpp(46): note: __declspec(nothrow), throw(), noexcept(true), or noexcept was specified on the function
c:\users\usuari\downloads\tecnologuies-18-19-master\src\project2\main.cpp(52): warning C4297: 'SDL_main': function assumed not to throw an exception but does
  c:\users\usuari\downloads\tecnologuies-18-19-master\src\project2\main.cpp(52): note: __declspec(nothrow), throw(), noexcept(true), or noexcept was specified on the function
c:\users\usuari\downloads\tecnologuies-18-19-master\src\project2\main.cpp(57): warning C4297: 'SDL_main': function assumed not to throw an exception but does
  c:\users\usuari\downloads\tecnologuies-18-19-master\src\project2\main.cpp(57): note: __declspec(nothrow), throw(), noexcept(true), or noexcept was specified on the function
c:\users\usuari\downloads\tecnologuies-18-19-master\src\project2\main.cpp(76): warning C4297: 'SDL_main': function assumed not to throw an exception but does
  c:\users\usuari\downloads\tecnologuies-18-19-master\src\project2\main.cpp(76): note: __declspec(nothrow), throw(), noexcept(true), or noexcept was specified on the function
c:\users\usuari\downloads\tecnologuies-18-19-master\src\project2\main.cpp(80): warning C4297: 'SDL_main': function assumed not to throw an exception but does
  c:\users\usuari\downloads\tecnologuies-18-19-master\src\project2\main.cpp(80): note: __declspec(nothrow), throw(), noexcept(true), or noexcept was specified on the function
c:\users\usuari\downloads\tecnologuies-18-19-master\src\project2\main.cpp(87): warning C4297: 'SDL_main': function assumed not to throw an exception but does
  c:\users\usuari\downloads\tecnologuies-18-19-master\src\project2\main.cpp(87): note: __declspec(nothrow), throw(), noexcept(true), or noexcept was specified on the function
c:\users\usuari\downloads\tecnologuies-18-19-master\src\project2\main.cpp(94): warning C4297: 'SDL_main': function assumed not to throw an exception but does
  c:\users\usuari\downloads\tecnologuies-18-19-master\src\project2\main.cpp(94): note: __declspec(nothrow), throw(), noexcept(true), or noexcept was specified on the function
c:\users\usuari\downloads\tecnologuies-18-19-master\src\project2\main.cpp(104): warning C4297: 'SDL_main': function assumed not to throw an exception but does
  c:\users\usuari\downloads\tecnologuies-18-19-master\src\project2\main.cpp(104): note: __declspec(nothrow), throw(), noexcept(true), or noexcept was specified on the function
  Project2.vcxproj -> C:\Users\Usuari\Downloads\Tecnologuies-18-19-master\\bin\x64Debug\AA1_02_SDL.exe
  0 archivo(s) copiado(s)
